F:\modtest\11\lokj\ikjh\dsdg\dsfdff\新建文件夹\dfd\XM.txt
F:\modtest\11\lokj\ikjh\dsdg\dsfdff\新建文件夹\XM.txt
F:\modtest\11\lokj\ikjh\dsdg\dsfdff\XM.XLS
F:\modtest\11\lokj\ikjh\dsdg\XM.XLS
F:\modtest\11\lokj\ikjh\dsdg\XM.txt
F:\modtest\11\lokj\ikjh\dsdg\rxprj.pbw
F:\modtest\11\lokj\ikjh\dsdg\rxapp.pbt
F:\modtest\11\lokj\ikjh\问题.txt
F:\modtest\11\lokj\ikjh\XM.XLS
F:\modtest\11\lokj\rxprj.pbw
F:\modtest\11\lokj\rxapp.pbt
F:\modtest\11\cc.JPG
F:\modtest\新建 Microsoft Word 文档 (2).doc
F:\modtest\问题20050128.doc
F:\modtest\问题.txt
F:\modtest\XM.XLS
F:\modtest\XM.txt
F:\modtest\rxprj.pbw
F:\modtest\rxapp.pbt
F:\modtest\rxapp.pbl
F:\modtest\rx.pbt
F:\modtest\rx.pbl
F:\modtest\RX.LOG
F:\modtest\RX.DB
F:\modtest\新建文件夹\20050128rx.pbl
F:\modtest\wer\附件2.doc
F:\modtest\wer\2005-03-01-14-41-008100001.cry
F:\modtest\wer\附件1.doc
F:\modtest\wer\附件.doc
F:\modtest\wer\tt.tif
F:\modtest\wer\t.tif
F:\modtest\wer\SHOW2003.DBF
F:\modtest\wer\gisdev.zip
F:\modtest\wer\FUNDBAT4.DBF
F:\modtest\wer\cc.JPG
F:\modtest\wer\c.jpg
F:\modtest\wer\b.jpg
F:\modtest\wer\604CAMGP_28.DBF
共38个文件改名
